13948 MainProcess 2023-07-19 16:16:52,273
Traceback (most recent call last):
  File "D:\Project\lunar\env\lib\site-packages\pyarmor\cli\__main__.py", line 698, in main
    main_entry(sys.argv[1:])
  File "D:\Project\lunar\env\lib\site-packages\pyarmor\cli\__main__.py", line 686, in main_entry
    args.func(ctx, args)
  File "D:\Project\lunar\env\lib\site-packages\pyarmor\cli\__main__.py", line 225, in cmd_gen
    builder.process(options)
  File "D:\Project\lunar\env\lib\site-packages\pyarmor\cli\generate.py", line 156, in process
    self._obfuscate_scripts()
  File "D:\Project\lunar\env\lib\site-packages\pyarmor\cli\generate.py", line 119, in _obfuscate_scripts
    code = Pytransform3.generate_obfuscated_script(self.ctx, r)
  File "D:\Project\lunar\env\lib\site-packages\pyarmor\cli\core\__init__.py", line 103, in generate_obfuscated_script
    return m.generate_obfuscated_script(ctx, res)
  File "<maker>", line 871, in generate_obfuscated_script
  File "D:\Project\lunar\env\lib\site-packages\pyarmor\cli\__init__.py", line 16, in process
    return meth(self, res, *args, **kwargs)
  File "<maker>", line 617, in process
  File "<maker>", line 623, in coserialize
  File "<maker>", line 701, in _build_ast_body
RuntimeError: out of license
